<?xml version="1.0" encoding="UTF-8"?>
<!-- Generated by org.testng.reporters.JUnitXMLReporter -->
<testsuite hostname="Rawna" ignored="0" name="Upcoming Requirement" tests="7" failures="1" timestamp="26 Jun 2020 05:59:39 GMT" time="57.084" errors="0">
  <testcase name="startBrowser" time="0.421" classname="TS_01.UpcomingRequirement"/>
  <testcase name="loadUpcomingBikesPage" time="1.361" classname="TS_01.UpcomingRequirement"/>
  <testcase name="navigateToUpcomingBikesPage" time="0.074" classname="TS_01.UpcomingRequirement">
    <skipped/>
  </testcase> <!-- navigateToUpcomingBikesPage -->
  <testcase name="navigateToUpcomingBikesPage" time="0.088" classname="TS_01.UpcomingRequirement">
    <skipped/>
  </testcase> <!-- navigateToUpcomingBikesPage -->
  <testcase name="navigateToUpcomingBikesPage" time="0.173" classname="TS_01.UpcomingRequirement">
    <skipped/>
  </testcase> <!-- navigateToUpcomingBikesPage -->
  <testcase name="navigateToUpcomingBikesPage" time="0.025" classname="TS_01.UpcomingRequirement">
    <failure type="java.lang.AssertionError" message="expected [true] but found [false]">
      <![CDATA[java.lang.AssertionError: expected [true] but found [false]
at TS_01.UpcomingRequirement.navigateToUpcomingBikesPage(UpcomingRequirement.java:91)
... Removed 29 stack frames]]>
    </failure>
  </testcase> <!-- navigateToUpcomingBikesPage -->
  <testcase name="outputDisplay" time="47.157" classname="TS_01.UpcomingRequirement"/>
</testsuite> <!-- Upcoming Requirement -->
