<?xml version="1.0" encoding="UTF-8"?>
<!-- Generated by org.testng.reporters.JUnitReportReporter -->
<testsuite skipped="3" hostname="Rawna" name="TS_01.HondaUpcomingEditted" tests="7" failures="1" timestamp="22 Jun 2020 10:40:21 GMT" time="4.101" errors="0">
  <testcase name="startBrowser" time="0.209" classname="TS_01.HondaUpcomingEditted"/>
  <testcase name="clickBrandFromDrpdwn" time="1.763" classname="TS_01.HondaUpcomingEditted"/>
  <testcase name="navigateToUpcomingBikesPage" time="0.863" classname="TS_01.HondaUpcomingEditted"/>
  <testcase name="outputDisplay" time="0.389" classname="TS_01.HondaUpcomingEditted">
    <skipped/>
  </testcase> <!-- outputDisplay -->
  <testcase name="outputDisplay" time="0.263" classname="TS_01.HondaUpcomingEditted">
    <skipped/>
  </testcase> <!-- outputDisplay -->
  <testcase name="outputDisplay" time="0.280" classname="TS_01.HondaUpcomingEditted">
    <failure type="java.lang.AssertionError" message="expected [true] but found [false]">
      <![CDATA[java.lang.AssertionError: expected [true] but found [false]
at org.testng.Assert.fail(Assert.java:96)
at org.testng.Assert.failNotEquals(Assert.java:776)
at org.testng.Assert.assertTrue(Assert.java:44)
at org.testng.Assert.assertTrue(Assert.java:54)
at TS_01.HondaUpcomingEditted.outputDisplay(HondaUpcomingEditted.java:98)
at sun.reflect.NativeMethodAccessorImpl.invoke0(Native Method)
at sun.reflect.NativeMethodAccessorImpl.invoke(Unknown Source)
at sun.reflect.DelegatingMethodAccessorImpl.invoke(Unknown Source)
at java.lang.reflect.Method.invoke(Unknown Source)
at org.testng.internal.MethodInvocationHelper.invokeMethod(MethodInvocationHelper.java:124)
at org.testng.internal.Invoker.invokeMethod(Invoker.java:583)
at org.testng.internal.Invoker.retryFailed(Invoker.java:839)
at org.testng.internal.Invoker.invokeTestMethods(Invoker.java:1010)
at org.testng.internal.TestMethodWorker.invokeTestMethods(TestMethodWorker.java:125)
at org.testng.internal.TestMethodWorker.run(TestMethodWorker.java:109)
at org.testng.TestRunner.privateRun(TestRunner.java:648)
at org.testng.TestRunner.run(TestRunner.java:505)
at org.testng.SuiteRunner.runTest(SuiteRunner.java:455)
at org.testng.SuiteRunner.runSequentially(SuiteRunner.java:450)
at org.testng.SuiteRunner.privateRun(SuiteRunner.java:415)
at org.testng.SuiteRunner.run(SuiteRunner.java:364)
at org.testng.SuiteRunnerWorker.runSuite(SuiteRunnerWorker.java:52)
at org.testng.SuiteRunnerWorker.run(SuiteRunnerWorker.java:84)
at org.testng.TestNG.runSuitesSequentially(TestNG.java:1208)
at org.testng.TestNG.runSuitesLocally(TestNG.java:1137)
at org.testng.TestNG.runSuites(TestNG.java:1049)
at org.testng.TestNG.run(TestNG.java:1017)
at org.testng.remote.AbstractRemoteTestNG.run(AbstractRemoteTestNG.java:114)
at org.testng.remote.RemoteTestNG.initAndRun(RemoteTestNG.java:251)
at org.testng.remote.RemoteTestNG.main(RemoteTestNG.java:77)
]]>
    </failure>
  </testcase> <!-- outputDisplay -->
  <testcase name="outputDisplay" time="0.334" classname="TS_01.HondaUpcomingEditted">
    <skipped/>
  </testcase> <!-- outputDisplay -->
</testsuite> <!-- TS_01.HondaUpcomingEditted -->
